{"message":"listening on localhost:8080","level":"info","service":"user-service"}
{"message":"listening on localhost:8080","level":"info","service":"user-service"}
{"message":"listening on localhost:8080","level":"info","service":"user-service"}
{"message":"listening on localhost:8080","level":"info","service":"user-service"}
{"message":"listening on localhost:8080","level":"info","service":"user-service"}
{"message":"Error: > Couldn't find a `pages` directory. Please create one under the project root\n    at findPagesDir (/Users/year12/Desktop/Harvey/alevel_2020-2021/node_modules/next/dist/lib/find-pages-dir.js:3:170)\n    at new DevServer (/Users/year12/Desktop/Harvey/alevel_2020-2021/node_modules/next/dist/server/next-dev-server.js:1:4406)\n    at NextServer.createServer (/Users/year12/Desktop/Harvey/alevel_2020-2021/node_modules/next/dist/server/next.js:1:2714)\n    at /Users/year12/Desktop/Harvey/alevel_2020-2021/node_modules/next/dist/server/next.js:1:3143\n    at async NextServer.prepare (/Users/year12/Desktop/Harvey/alevel_2020-2021/node_modules/next/dist/server/next.js:1:2495)","level":"info","service":"user-service"}
{"message":"Error: > Couldn't find a `pages` directory. Please create one under the project root\n    at findPagesDir (/Users/year12/Desktop/Harvey/alevel_2020-2021/node_modules/next/dist/lib/find-pages-dir.js:3:170)\n    at new DevServer (/Users/year12/Desktop/Harvey/alevel_2020-2021/node_modules/next/dist/server/next-dev-server.js:1:4406)\n    at NextServer.createServer (/Users/year12/Desktop/Harvey/alevel_2020-2021/node_modules/next/dist/server/next.js:1:2714)\n    at /Users/year12/Desktop/Harvey/alevel_2020-2021/node_modules/next/dist/server/next.js:1:3143\n    at async NextServer.prepare (/Users/year12/Desktop/Harvey/alevel_2020-2021/node_modules/next/dist/server/next.js:1:2495)","level":"info","service":"user-service"}
{"message":"listening on localhost:8080","level":"info","service":"user-service"}
{"message":"listening on localhost:8080","level":"info","service":"user-service"}
{"message":"listening on localhost:8080","level":"info","service":"user-service"}
{"message":"listening on localhost:8080","level":"info","service":"user-service"}
{"message":"listening on localhost:8080","level":"info","service":"user-service"}
{"message":"listening on localhost:8080","level":"info","service":"user-service"}
{"message":"Lost Player PB956sLq9nuB9I8RAAAB","level":"info","service":"user-service"}
{"message":"listening on localhost:8080","level":"info","service":"user-service"}
{"message":"Lost Player BNrV6xgBe8tVFphnAAAD","level":"info","service":"user-service"}
{"message":"Lost Player GiEOS_NdPoJke_8WAAAt","level":"info","service":"user-service"}
{"message":"Lost Player 9M2yRPYoXkkTH4j1AAAv","level":"info","service":"user-service"}
{"message":"Lost Player QajI1vrB6VEooX1rAAAx","level":"info","service":"user-service"}
{"message":"Lost Player Iral9dum1w8URc9kAAAz","level":"info","service":"user-service"}
{"message":"Lost Player mAhTsQam8ECBF9jrAAA1","level":"info","service":"user-service"}
{"message":"Lost Player HE5erRAzZulGj7wyAAA3","level":"info","service":"user-service"}
{"message":"Lost Player lM-_B9RRRrJBZoq3AAA5","level":"info","service":"user-service"}
{"message":"Lost Player VfQ_5NbBAPkktxy-AAA7","level":"info","service":"user-service"}
{"message":"Lost Player t28P_eYPTNccKhnoAAA9","level":"info","service":"user-service"}
{"message":"Lost Player ryPCazhREXm2q-ogAAA_","level":"info","service":"user-service"}
{"message":"Lost Player U2-Py27OOu8vtA7GAABB","level":"info","service":"user-service"}
{"message":"Lost Player K6E6iDyzfPft8w24AABF","level":"info","service":"user-service"}
{"message":"Lost Player arS4An3pkG5mWvYAAABH","level":"info","service":"user-service"}
{"message":"Lost Player O5LYwV8EXDYfwfsBAABJ","level":"info","service":"user-service"}
{"message":"Lost Player FtikI1sQhT4g2R0DAABL","level":"info","service":"user-service"}
{"message":"Lost Player 0qW75_jtZxQVNTOyAABN","level":"info","service":"user-service"}
{"message":"Lost Player NkyGFiS6fmtS0II7AABP","level":"info","service":"user-service"}
{"message":"listening on localhost:8080","level":"info","service":"user-service"}
{"message":"listening on localhost:8080","level":"info","service":"user-service"}
{"message":"listening on localhost:8080","level":"info","service":"user-service"}
{"message":"Lost Player qYnWnxGM7cPGlm4sAAAC","level":"info","service":"user-service"}
{"message":"Lost Player 9qSMh4lhlYzXC5nQAAAL","level":"info","service":"user-service"}
{"message":"Lost Player Qx8YgiRWyWSUJqTfAAAP","level":"info","service":"user-service"}
{"message":"Lost Player HDyxPeLuw7OdvIz4AAAR","level":"info","service":"user-service"}
{"message":"Lost Player P8lwMY9wtUvSgV13AAAT","level":"info","service":"user-service"}
{"message":"Lost Player GKj05Snp5SCm-tHkAAAV","level":"info","service":"user-service"}
{"message":"Lost Player _eVjWoEJ6AB0251HAAAX","level":"info","service":"user-service"}
{"message":"listening on localhost:8080","level":"info","service":"user-service"}
{"message":"listening on localhost:8080","level":"info","service":"user-service"}
{"message":"Lost Player WWz3SFt2DFIQW6rfAABV","level":"info","service":"user-service"}
{"message":"Lost Player RFgtbXgBozsSWA_6AABX","level":"info","service":"user-service"}
{"message":"Lost Player 4xxWlwJURmxAFONwAABZ","level":"info","service":"user-service"}
{"message":"Lost Player GyqUaB165WxwdV8jAABb","level":"info","service":"user-service"}
{"message":"Lost Player Jne4Ngj2AUnzRH_VAABd","level":"info","service":"user-service"}
{"message":"Lost Player jaHiIS1sna7y295yAABh","level":"info","service":"user-service"}
{"message":"Lost Player z2RWkn20Ro5AmrOlAABj","level":"info","service":"user-service"}
{"message":"Lost Player yZETC2t2wudKaFwuAABl","level":"info","service":"user-service"}
{"message":"Lost Player z9Px_O04seQi6kf3AABn","level":"info","service":"user-service"}
{"message":"Lost Player Mt3d29_aopriB6-_AABp","level":"info","service":"user-service"}
{"message":"Lost Player 4hgi0ry-6J1QvlbHAABr","level":"info","service":"user-service"}
{"message":"Lost Player SwRuMl_bkDm0WMhLAABt","level":"info","service":"user-service"}
{"message":"Lost Player 1ThVgBVnzIxfwTPaAABv","level":"info","service":"user-service"}
{"message":"Lost Player DMp62aebQ-2HKtMpAABx","level":"info","service":"user-service"}
{"message":"Lost Player tBLGA9BWIq1JwzrPAABz","level":"info","service":"user-service"}
{"message":"Lost Player Eszl-gGnupmLjAQHAAB1","level":"info","service":"user-service"}
{"message":"Lost Player -PjfH031wXhl_vNXAAB3","level":"info","service":"user-service"}
{"message":"Lost Player zYcVVTT6xE2abUwHAAB5","level":"info","service":"user-service"}
{"message":"Lost Player AJYqXJ3RKT4-NpNkAAB7","level":"info","service":"user-service"}
{"message":"Lost Player 4T1wP4lFutBO0P4eAAB9","level":"info","service":"user-service"}
{"message":"Lost Player vXPuFbQuoIMpzdvyAAB_","level":"info","service":"user-service"}
{"message":"Lost Player j1piuUSbpiv1mcsaAACB","level":"info","service":"user-service"}
{"message":"Lost Player Ug0QM5Dc98S35aobAACD","level":"info","service":"user-service"}
{"message":"Lost Player wNtqA_fnDkeg_Q8LAACF","level":"info","service":"user-service"}
{"message":"Lost Player xmMUe9QccIdK0IpNAACH","level":"info","service":"user-service"}
{"message":"Lost Player tMHt3G1IJLBS8-CWAACJ","level":"info","service":"user-service"}
{"message":"Lost Player c2J9rM5z3KkPEckLAACL","level":"info","service":"user-service"}
{"message":"Lost Player Dgg7oZRFb2vlIcbBAACN","level":"info","service":"user-service"}
{"message":"Lost Player izdPWvc1a3oMUvqoAACP","level":"info","service":"user-service"}
{"message":"Lost Player sDiW8C92HS4y-J48AACR","level":"info","service":"user-service"}
{"message":"Lost Player 3NLufFkKGNwpqc3xAACT","level":"info","service":"user-service"}
{"message":"Lost Player 8myvPZ5_ScBBeNZmAACV","level":"info","service":"user-service"}
{"message":"Lost Player YzwnyNQtakthYvzMAACX","level":"info","service":"user-service"}
{"message":"Lost Player e3f_jmBU8Oe7H1UrAACZ","level":"info","service":"user-service"}
{"message":"Lost Player ixuov7R_vkXDyq12AACb","level":"info","service":"user-service"}
{"message":"Lost Player ZFXssW5k20NImT-qAACd","level":"info","service":"user-service"}
{"message":"Lost Player bdnqN7cEBV5nQvh2AACf","level":"info","service":"user-service"}
{"message":"Lost Player 3RHQHS39wL317Y7cAACh","level":"info","service":"user-service"}
{"message":"Lost Player SyNvGXsgu00g50tSAACj","level":"info","service":"user-service"}
{"message":"Lost Player ALHi-LCexRPjzDOIAACl","level":"info","service":"user-service"}
{"message":"Lost Player VjnoWRYWzoOTnIWVAACn","level":"info","service":"user-service"}
{"message":"Lost Player AclXyG1QY3e8S3xNAACp","level":"info","service":"user-service"}
{"message":"Lost Player 2S_uFHmzowJYxTluAACr","level":"info","service":"user-service"}
{"message":"Lost Player s3E6VZGrDLOgMcrlAACt","level":"info","service":"user-service"}
{"message":"Lost Player ZGamZZbYxtJyYQQ9AACz","level":"info","service":"user-service"}
{"message":"Lost Player txQ1Ns41Ktx7_N_UAAC1","level":"info","service":"user-service"}
{"message":"Lost Player XixYXfxdQHYqLbVAAAC3","level":"info","service":"user-service"}
{"message":"Lost Player yTB63A3RCbhVp43YAAC5","level":"info","service":"user-service"}
{"message":"Lost Player hybnf0jX6IqCL2bdAAC7","level":"info","service":"user-service"}
{"message":"Lost Player rErOoALDZYMqmJVkAAC9","level":"info","service":"user-service"}
{"message":"Lost Player HWnmBuKP3JYNks8XAAC_","level":"info","service":"user-service"}
{"message":"Lost Player QWU2FFJ4sYkIVccaAADB","level":"info","service":"user-service"}
{"message":"Lost Player NSWes6rQBzZKZsAJAADD","level":"info","service":"user-service"}
{"message":"Lost Player 99tgcnWHaViTvt6CAADF","level":"info","service":"user-service"}
{"message":"Lost Player u2ZH2yvonA68dETFAADH","level":"info","service":"user-service"}
{"message":"Lost Player m_AVB0Moo04BItgzAADJ","level":"info","service":"user-service"}
{"message":"Lost Player rvTNthQc2FGMrCYGAADL","level":"info","service":"user-service"}
{"message":"Lost Player v3fvXRv_1WgU8cxqAADN","level":"info","service":"user-service"}
{"message":"Lost Player 01g_M3RCTHNGvZ-uAADP","level":"info","service":"user-service"}
{"message":"Lost Player XlK5qb3FbtSAP3ENAADR","level":"info","service":"user-service"}
{"message":"Lost Player IZ7GVyUVv7JzLDRGAADT","level":"info","service":"user-service"}
{"message":"Lost Player PJnsdXDP8R_2DJJZAADV","level":"info","service":"user-service"}
{"message":"Lost Player SMITZYDpetiAAtV3AADX","level":"info","service":"user-service"}
{"message":"Lost Player LRTxO-06pHqfBUZdAADZ","level":"info","service":"user-service"}
{"message":"Lost Player jWWHg41w2IYj-kDNAADb","level":"info","service":"user-service"}
{"message":"Lost Player 6l4yqgTGIG9IN1UVAADd","level":"info","service":"user-service"}
{"message":"Lost Player LPUtvZvxUu9qE1YCAADf","level":"info","service":"user-service"}
{"message":"Lost Player 9W3VK0x5NzWo2R3qAADh","level":"info","service":"user-service"}
{"message":"Lost Player xAogE3ah9FW2HR10AADj","level":"info","service":"user-service"}
{"message":"Lost Player kOAQWp3daXhcITq4AADl","level":"info","service":"user-service"}
{"message":"Lost Player Pk6f3QAKMPuzH9lSAADn","level":"info","service":"user-service"}
{"message":"Lost Player xndi0xLrXWNdd0AJAADp","level":"info","service":"user-service"}
{"message":"Lost Player 5Bjb0YwrFesuytPAAADr","level":"info","service":"user-service"}
{"message":"Lost Player KtuRGPzk7nJyVNEZAADt","level":"info","service":"user-service"}
{"message":"Lost Player nvGiL6ALyacafS-eAADv","level":"info","service":"user-service"}
{"message":"Lost Player pAYJQm1YjHGZUygUAADx","level":"info","service":"user-service"}
{"message":"Lost Player PGsxOV04IT4HKEnsAADz","level":"info","service":"user-service"}
{"message":"Lost Player XoeGPWrZ0faBHenvAAD1","level":"info","service":"user-service"}
{"message":"Lost Player fCCzsPWp54RsZmJpAAD3","level":"info","service":"user-service"}
{"message":"Lost Player xBzP3t_szLH2JU1uAAD5","level":"info","service":"user-service"}
{"message":"Lost Player hohshY4quHx7YtWnAAD7","level":"info","service":"user-service"}
{"message":"Lost Player FAwMrjbM_d8dpweOAAD9","level":"info","service":"user-service"}
{"message":"Lost Player Voa1DH9npNx8U_q0AAD_","level":"info","service":"user-service"}
{"message":"Lost Player rYvgGkYavmC9nb9zAAEB","level":"info","service":"user-service"}
{"message":"Lost Player 4QLfnGhqKXFXp0QgAAED","level":"info","service":"user-service"}
{"message":"Lost Player xEiu1uCuR9F4482nAAEF","level":"info","service":"user-service"}
{"message":"Lost Player wXd6tyTgdT4GCJ_qAAEH","level":"info","service":"user-service"}
{"message":"Lost Player 7eNa9WUtD_pxXsANAAEJ","level":"info","service":"user-service"}
{"message":"Lost Player -w4dZ4QJgTM4YpRwAAEL","level":"info","service":"user-service"}
{"message":"Lost Player PwdVSH_2y5z2d6mQAAEN","level":"info","service":"user-service"}
{"message":"Lost Player wkTnlzdfcxLWr8CiAAEP","level":"info","service":"user-service"}
{"message":"Lost Player BdnChM9WUYKVFSKBAAER","level":"info","service":"user-service"}
{"message":"Lost Player KEm8X4qRdVPqxJkIAAET","level":"info","service":"user-service"}
{"message":"Lost Player wHFCwjk8_DpmVW_iAAEV","level":"info","service":"user-service"}
{"message":"Lost Player z4TB2b5ejsOnL1oWAAEX","level":"info","service":"user-service"}
{"message":"Lost Player TAcZ8C-0bzIl_o2iAAEZ","level":"info","service":"user-service"}
{"message":"Lost Player doGb8LvrYNihWc7bAAEb","level":"info","service":"user-service"}
{"message":"Lost Player BJlXLPyzZ6f_KLTdAAEd","level":"info","service":"user-service"}
{"message":"Lost Player uzAdBxbG5zAKOAuUAAEf","level":"info","service":"user-service"}
{"message":"Lost Player bpeeyFXIYuz9NLgdAAEh","level":"info","service":"user-service"}
{"message":"Lost Player AqLQF5Eub3DiOxuvAAEj","level":"info","service":"user-service"}
{"message":"Lost Player 1HCJt9aDgb282e2AAAEl","level":"info","service":"user-service"}
{"message":"Lost Player _9spWSS5VrvfVsdNAAEn","level":"info","service":"user-service"}
{"message":"Lost Player 73AUA0OUMxjTnRxeAAEp","level":"info","service":"user-service"}
{"message":"Lost Player olNxMYgYLeANZd7GAAEr","level":"info","service":"user-service"}
{"message":"Lost Player RyvTChk-YDYRP7hkAAEt","level":"info","service":"user-service"}
{"message":"Lost Player MXS1d4hgJJKWvKQzAAEv","level":"info","service":"user-service"}
{"message":"Lost Player gmT43ruszIn4szd4AAEx","level":"info","service":"user-service"}
{"message":"Lost Player YfhdydDvjPTL_XRAAAEz","level":"info","service":"user-service"}
{"message":"Lost Player rTypd-BdXz3DzBp_AAE1","level":"info","service":"user-service"}
{"message":"Lost Player qcR6DW5VRZsv5wWEAAE3","level":"info","service":"user-service"}
{"message":"Lost Player QYq9B7fR6I7onnCzAAE5","level":"info","service":"user-service"}
{"message":"Lost Player PVMX8CJdU8DLxtsLAAE7","level":"info","service":"user-service"}
{"message":"Lost Player _GD58bskGfnTZvycAAE9","level":"info","service":"user-service"}
{"message":"Lost Player ICEae-RkQbWb-6WbAAE_","level":"info","service":"user-service"}
{"message":"Lost Player zh9_7HvQw_1JP2mTAAFB","level":"info","service":"user-service"}
{"message":"Lost Player zN1Ezf_ATWV1lKtXAAFF","level":"info","service":"user-service"}
{"message":"Lost Player bgUprQ2lBJxzEO0aAAFH","level":"info","service":"user-service"}
{"message":"Lost Player zpn6vLs5or2irH49AAFJ","level":"info","service":"user-service"}
{"message":"Lost Player 8t051kt4Z16jbPvYAAFL","level":"info","service":"user-service"}
{"message":"Lost Player LSo8XNHl4MLMPRtlAAFN","level":"info","service":"user-service"}
{"message":"Lost Player YX-d2D6oJ8TIJhGbAAFP","level":"info","service":"user-service"}
{"message":"Lost Player LPP-hYadPSjgTN6pAAFR","level":"info","service":"user-service"}
{"message":"Lost Player aUXo6K-fcscitPjkAAFT","level":"info","service":"user-service"}
{"message":"Lost Player lUCY1hEXGwV8wx9aAAFV","level":"info","service":"user-service"}
{"message":"Lost Player ZmGjneh4Fa2V5J3jAAFX","level":"info","service":"user-service"}
{"message":"Lost Player BjBnjQQCl2wbxI66AAFZ","level":"info","service":"user-service"}
{"message":"Lost Player NZNzumtBgcvyTPz_AAFb","level":"info","service":"user-service"}
{"message":"Lost Player AfkRO5yMooOboPRzAAFd","level":"info","service":"user-service"}
{"message":"Lost Player th1VlMwXTLuPgDLxAAFf","level":"info","service":"user-service"}
{"message":"Lost Player R_eIjG1MRFJKsDtjAAFh","level":"info","service":"user-service"}
{"message":"Lost Player 6jm6DoOiKkItWPbRAAFj","level":"info","service":"user-service"}
{"message":"Lost Player eP3FViXwiHl4tVtrAAFl","level":"info","service":"user-service"}
{"message":"Lost Player pwo9Tn-4PmGENLZeAAFn","level":"info","service":"user-service"}
{"message":"Lost Player 4RBDuBesuuX2PtAXAAFp","level":"info","service":"user-service"}
{"message":"Lost Player m7NebArhm2o8CZAnAAFr","level":"info","service":"user-service"}
{"message":"Lost Player yo8daGqxHaWuasVSAAFt","level":"info","service":"user-service"}
{"message":"Lost Player 1FqTccoMCRcA16WIAAFv","level":"info","service":"user-service"}
{"message":"Lost Player ZCAlyXVeQjcqtRHcAAFx","level":"info","service":"user-service"}
{"message":"Lost Player g0vTvxzP-HbHZqwsAAFz","level":"info","service":"user-service"}
{"message":"Lost Player h3kc71R-X_AKYBK5AAF1","level":"info","service":"user-service"}
{"message":"Lost Player GwkvSBERn9_z4BehAAF3","level":"info","service":"user-service"}
{"message":"Lost Player XusiczRm3F1NwEuLAAGD","level":"info","service":"user-service"}
{"message":"Lost Player IUwVX9CXX5v1tJa1AAGF","level":"info","service":"user-service"}
{"message":"Lost Player fLLWCqZBaGzqzneLAAGH","level":"info","service":"user-service"}
{"message":"Lost Player MeEW18N7X-KA3s5jAAGJ","level":"info","service":"user-service"}
{"message":"Lost Player 9H_vvmsz00IUJEt0AAGL","level":"info","service":"user-service"}
{"message":"Lost Player A6Gxq4Eny1Iml8EMAAGN","level":"info","service":"user-service"}
{"message":"Lost Player qBTM-Al6aijDt9H1AAGP","level":"info","service":"user-service"}
{"message":"Lost Player nYTaU2ujUT-ctufoAAGR","level":"info","service":"user-service"}
{"message":"Lost Player BSaAoR3quzoOFCiZAAGT","level":"info","service":"user-service"}
{"message":"Lost Player s0K9W9YDuvZhRHwgAAGV","level":"info","service":"user-service"}
{"message":"Lost Player s1MHt2myUxnt1GI4AAGX","level":"info","service":"user-service"}
{"message":"Lost Player XPGkymwNs9b8lmsBAAGZ","level":"info","service":"user-service"}
{"message":"Lost Player eN_EFQ4-C4VH9H65AAGb","level":"info","service":"user-service"}
{"message":"Lost Player LiqnCPQlFH4YCHN7AAGd","level":"info","service":"user-service"}
{"message":"Lost Player EaJKTeC9n8x2bUaWAAGf","level":"info","service":"user-service"}
{"message":"Lost Player fuma9FWnwZDm6ywmAAGh","level":"info","service":"user-service"}
{"message":"Lost Player qotffNL6v9jc9ZMwAAGj","level":"info","service":"user-service"}
{"message":"Lost Player mnvrEtNVh2dydXgoAAGl","level":"info","service":"user-service"}
{"message":"Lost Player OwWttfM7qnQgq5hRAAGn","level":"info","service":"user-service"}
{"message":"Lost Player Z_LfUqCyNUiK6ZkIAAGp","level":"info","service":"user-service"}
{"message":"Lost Player p8ECLFlofS3nRjfdAAGr","level":"info","service":"user-service"}
{"message":"Lost Player Bh89hIpELmT9tP9gAAGt","level":"info","service":"user-service"}
{"message":"Lost Player kA8KITXRpQvyPNU_AAGv","level":"info","service":"user-service"}
{"message":"Lost Player o8Y1xzAm9TrjiutDAAGx","level":"info","service":"user-service"}
{"message":"Lost Player aJ9kJudnbsAMgX_TAAGz","level":"info","service":"user-service"}
{"message":"Lost Player hxJTIfZH6Tc5iX30AAG1","level":"info","service":"user-service"}
{"message":"Lost Player SKw4mGj5h9GxevZzAAG3","level":"info","service":"user-service"}
{"message":"Lost Player FqtRBqmhtNL0D9ouAAG5","level":"info","service":"user-service"}
{"message":"Lost Player T1GLk2A2VHoRfytYAAG7","level":"info","service":"user-service"}
{"message":"Lost Player a87Jp12rMsZVPt3HAAG9","level":"info","service":"user-service"}
{"message":"Lost Player sJgromR_evqesakFAAG_","level":"info","service":"user-service"}
{"message":"Lost Player N3m4jfpq2RFfYDiDAAHB","level":"info","service":"user-service"}
{"message":"Lost Player 1NR-hTiosFb4EOkPAAHD","level":"info","service":"user-service"}
{"message":"Lost Player 23YMtm75FlqPI1KJAAHF","level":"info","service":"user-service"}
{"message":"Lost Player XLOEf7taIoFWFwxfAAHH","level":"info","service":"user-service"}
{"message":"Lost Player r2bqsdzxfBEBJ516AAHJ","level":"info","service":"user-service"}
{"message":"Lost Player BlXDByZ223L8VtlOAAHL","level":"info","service":"user-service"}
{"message":"Lost Player toj1C8CD5_jB-3k_AAHN","level":"info","service":"user-service"}
{"message":"Lost Player i76J8A35kCKxX2czAAHP","level":"info","service":"user-service"}
{"message":"Lost Player NvSh6z7h0TC3KsDdAAHR","level":"info","service":"user-service"}
{"message":"Lost Player cpqdKTTWvzklmfROAAHT","level":"info","service":"user-service"}
{"message":"Lost Player ly3KT-pKHGerXcJ8AAHV","level":"info","service":"user-service"}
{"message":"Lost Player APEM4Jg7BzsfJAY8AAHX","level":"info","service":"user-service"}
{"message":"Lost Player Ddt3Cva5nBZYo6IcAAHZ","level":"info","service":"user-service"}
{"message":"Lost Player pAK6C8M9IItSjR-6AAHb","level":"info","service":"user-service"}
{"message":"Lost Player y9SXCyG15N3jgoTuAAHd","level":"info","service":"user-service"}
{"message":"Lost Player Ar9kLKXnUec90nGKAAHf","level":"info","service":"user-service"}
{"message":"Lost Player IHlK0i3UkGxVH84-AAHh","level":"info","service":"user-service"}
{"message":"Lost Player RauqF_c1X_J96dEOAAHj","level":"info","service":"user-service"}
{"message":"Lost Player qZQm5rs_Xa1CVKKYAAHl","level":"info","service":"user-service"}
{"message":"Lost Player Yz9VLyYtGKK-rmbcAAHn","level":"info","service":"user-service"}
{"message":"Lost Player VK42LtvxzFBJt0ffAAHp","level":"info","service":"user-service"}
{"message":"Lost Player ZqcTCVO6Aqo7KqAfAAHr","level":"info","service":"user-service"}
{"message":"Lost Player 8ubsz_w-sCpQAS-LAAHt","level":"info","service":"user-service"}
{"message":"Lost Player fB7BMU7PlwVpfv3nAAHv","level":"info","service":"user-service"}
{"message":"Lost Player HgZP-iLEk8h4_p_nAAHx","level":"info","service":"user-service"}
{"message":"Lost Player KmA9_U7VnrAw50D-AAHz","level":"info","service":"user-service"}
{"message":"Lost Player e4_lggGMf5CnPOMnAAH1","level":"info","service":"user-service"}
{"message":"Lost Player 83L6h16v2a1X5E39AAH3","level":"info","service":"user-service"}
{"message":"Lost Player dz9ZavEXWbacv0-xAAH5","level":"info","service":"user-service"}
{"message":"Lost Player J2ZEVQknIDqOVFdjAAH7","level":"info","service":"user-service"}
{"message":"Lost Player _FhEDD9KJaIF7CAPAAH9","level":"info","service":"user-service"}
{"message":"Lost Player IRTVlUt5fl2jUdiFAAH_","level":"info","service":"user-service"}
{"message":"Lost Player N-tE6FAfZobxNWiBAAIB","level":"info","service":"user-service"}
{"message":"Lost Player okuWrDwNoM1ultjfAAID","level":"info","service":"user-service"}
{"message":"Lost Player 5S0weIPDBq9fFHxAAAIF","level":"info","service":"user-service"}
{"message":"Lost Player LALy1CwJJNe7w6v2AAIH","level":"info","service":"user-service"}
{"message":"Lost Player 3hokpJiPWPIu6UiEAAIJ","level":"info","service":"user-service"}
{"message":"Lost Player 8zor4uoiI8EHtzndAAIL","level":"info","service":"user-service"}
{"message":"Lost Player zqRR8WCWPqti44nBAAIN","level":"info","service":"user-service"}
{"message":"Lost Player gy-SI4rdjqxHH-0NAAIP","level":"info","service":"user-service"}
{"message":"Lost Player FfhKePX6QovI49UyAAIR","level":"info","service":"user-service"}
{"message":"Lost Player VEfvSUrj0QRuZPrDAAIT","level":"info","service":"user-service"}
{"message":"Lost Player 1zyWYLPNjc6CDNsWAAIV","level":"info","service":"user-service"}
{"message":"Lost Player Ote3OPEhYTFkFZvxAAIX","level":"info","service":"user-service"}
{"message":"Lost Player FrGZB90bKXId7X5lAAIZ","level":"info","service":"user-service"}
{"message":"Lost Player oZ_of7lmoLv7Fj2SAAIb","level":"info","service":"user-service"}
{"message":"Lost Player wn2qnRGNATOXTmYyAAId","level":"info","service":"user-service"}
{"message":"Lost Player nGvx79JixEsyGhsjAAIf","level":"info","service":"user-service"}
{"message":"Lost Player _gxAhyvTAnIWHOLvAAIh","level":"info","service":"user-service"}
{"message":"Lost Player WFoy_kABWigQYhYDAAIj","level":"info","service":"user-service"}
{"message":"Lost Player 25kvgFiP_njBb-eCAAIl","level":"info","service":"user-service"}
{"message":"Lost Player _I4CCBczWL9BXFsPAAIn","level":"info","service":"user-service"}
{"message":"Lost Player kB4wuP1fCasAp_wGAAIp","level":"info","service":"user-service"}
{"message":"Lost Player YCTwHT7cJVA67sxPAAIr","level":"info","service":"user-service"}
{"message":"Lost Player qUrubZDsEuzm0eq3AAIt","level":"info","service":"user-service"}
{"message":"Lost Player NIKk5LagiskyQTTAAAIv","level":"info","service":"user-service"}
{"message":"Lost Player uSCJvae3HcvLA05jAAIx","level":"info","service":"user-service"}
{"message":"Lost Player 0Sk0RISgJTFc3DgsAAIz","level":"info","service":"user-service"}
{"message":"Lost Player gNMeQL43bPhGESFvAAI1","level":"info","service":"user-service"}
{"message":"Lost Player t7qY7GAXjkntSjUaAAI3","level":"info","service":"user-service"}
{"message":"Lost Player gyxNncfzOMYiRLPgAAI5","level":"info","service":"user-service"}
{"message":"Lost Player RwriSf18eSuoUKn9AAI7","level":"info","service":"user-service"}
{"message":"Lost Player JD7uqRajw3wrRHSIAAI9","level":"info","service":"user-service"}
{"message":"Lost Player eQ87PJkrmakL0WdoAAI_","level":"info","service":"user-service"}
{"message":"Lost Player wNsHhuOILfpXdQe2AAJB","level":"info","service":"user-service"}
{"message":"Lost Player S1GvAwFNNsTuaT1HAAJD","level":"info","service":"user-service"}
{"message":"Lost Player eT5HPezhzEOi5zxOAAJF","level":"info","service":"user-service"}
{"message":"Lost Player pUcqQZvl8v5J2Wa1AAJH","level":"info","service":"user-service"}
{"message":"Lost Player 10pS8mqJ8Fy4bC_JAAJJ","level":"info","service":"user-service"}
{"message":"Lost Player 1BbnXj1SD6pI_wG5AAJL","level":"info","service":"user-service"}
{"message":"Lost Player 874tACL3CdbwlJvuAAJN","level":"info","service":"user-service"}
{"message":"Lost Player -k3ZLDqrjjwLHSxHAAJP","level":"info","service":"user-service"}
{"message":"Lost Player bv25MUW-JXyadY1jAAJR","level":"info","service":"user-service"}
{"message":"Lost Player uBprjvuJl4554ZGHAAJT","level":"info","service":"user-service"}
{"message":"Lost Player P8KjEHhtsPITv66gAAJV","level":"info","service":"user-service"}
{"message":"Lost Player OqcBZRv1ZxSdQcrhAAJX","level":"info","service":"user-service"}
{"message":"Lost Player RMgECZys1TV_SgM3AAJZ","level":"info","service":"user-service"}
{"message":"Lost Player r5UX0aoGJJ_KZxg4AAJb","level":"info","service":"user-service"}
{"message":"Lost Player 52NUtPbiJGZHibUCAAJd","level":"info","service":"user-service"}
{"message":"Lost Player fqLSI1SsnCol5UZWAAJf","level":"info","service":"user-service"}
{"message":"Lost Player wXyMO51tSe9lpVN6AAJh","level":"info","service":"user-service"}
{"message":"Lost Player QWhIETr0CwJIviWJAAJj","level":"info","service":"user-service"}
{"message":"Lost Player 5xqJ5NLGax96LeXjAAJl","level":"info","service":"user-service"}
{"message":"Lost Player 29lbw7XEFj8QowUZAAJn","level":"info","service":"user-service"}
{"message":"Lost Player RxG0z7OxgBMWqUzIAAJp","level":"info","service":"user-service"}
{"message":"Lost Player GpgGY-mR5oFcfXqoAAJr","level":"info","service":"user-service"}
{"message":"Lost Player Ptx5vWkO9x-mD4g9AAJt","level":"info","service":"user-service"}
{"message":"Lost Player gc9llxvWeuxQo6pXAAJv","level":"info","service":"user-service"}
{"message":"Lost Player eTgRE-Dv0Qxy9YoCAAJx","level":"info","service":"user-service"}
{"message":"Lost Player V1pLf7h5MMqKRLQvAAJz","level":"info","service":"user-service"}
{"message":"Lost Player R_VQwy8H1tjSFPZ6AAJ1","level":"info","service":"user-service"}
{"message":"Lost Player r8Jl5j8AsYOBmFYUAAJ3","level":"info","service":"user-service"}
{"message":"Lost Player _EkzP8C7tKSeoYeOAAJ5","level":"info","service":"user-service"}
{"message":"Lost Player iAxOqWI3e6MKYEFlAAJ7","level":"info","service":"user-service"}
{"message":"Lost Player -E0iETopyOWv47KtAAJ9","level":"info","service":"user-service"}
{"message":"Lost Player TjNVs_MUKOgdn9CiAAJ_","level":"info","service":"user-service"}
{"message":"listening on localhost:8080","level":"info","service":"user-service"}
{"message":"listening on localhost:8080","level":"info","service":"user-service"}
{"message":"Lost Player uJmC5VO0mQEXs2SmAAA7","level":"info","service":"user-service"}
{"message":"Lost Player e_mBOX8OQjAoxr1vAAA9","level":"info","service":"user-service"}
{"message":"Lost Player MH-ULc86T9liXtxuAAA_","level":"info","service":"user-service"}
{"message":"Lost Player YRNkf0gEJm6elzB_AABB","level":"info","service":"user-service"}
{"message":"Lost Player n-1ydDClXGvMdl9dAABD","level":"info","service":"user-service"}
{"message":"Lost Player J8fZovZjpI_EisqJAABF","level":"info","service":"user-service"}
{"message":"Lost Player B28Hcveq6FxQ-FDvAABH","level":"info","service":"user-service"}
{"message":"listening on localhost:8080","level":"info","service":"user-service"}
{"message":"Lost Player DnSk_frcWNXb086rAAB9","level":"info","service":"user-service"}
{"message":"Lost Player kWi0z-ppuGSYSZOOAAB_","level":"info","service":"user-service"}
{"message":"Lost Player ZpOIik6DSssN1dPHAACB","level":"info","service":"user-service"}
{"message":"Lost Player gejqu3bj0GxJG_TbAACD","level":"info","service":"user-service"}
{"message":"Lost Player opSIQttDFM6PeC8jAACF","level":"info","service":"user-service"}
{"message":"Lost Player DdmsJNhPpDyRXM4fAACH","level":"info","service":"user-service"}
{"message":"Lost Player wlLdwCLoWjh4IvX-AACJ","level":"info","service":"user-service"}
{"message":"Lost Player 72cZkYAZnPKix-soAACL","level":"info","service":"user-service"}
{"message":"Lost Player HIfQ0fFeUKfaSrqEAACN","level":"info","service":"user-service"}
{"message":"Lost Player -bM2bkDT4bSrdIatAACP","level":"info","service":"user-service"}
{"message":"Lost Player V_F3ggRJVCP-X8E2AACR","level":"info","service":"user-service"}
{"message":"Lost Player gH1uxEZMxWrJyRpaAACT","level":"info","service":"user-service"}
{"message":"Lost Player YT0NsPJlnGrLRhSHAACV","level":"info","service":"user-service"}
{"message":"Lost Player 7z0CJeXikoQnPMoRAACX","level":"info","service":"user-service"}
{"message":"Lost Player jVpGFTis0jOXXcMfAACZ","level":"info","service":"user-service"}
{"message":"Lost Player BmZ8vJ1Y_7VPA96uAACb","level":"info","service":"user-service"}
{"message":"Lost Player JWmQc64h9xOvwhFEAACd","level":"info","service":"user-service"}
{"message":"Lost Player Xqhi438ttEbhA9q7AACf","level":"info","service":"user-service"}
{"message":"Lost Player 2kIsA0R44XVrczBAAACh","level":"info","service":"user-service"}
{"message":"Lost Player kVP3uNN3aQ4vXS3FAACj","level":"info","service":"user-service"}
{"message":"Lost Player TWNMk8PHueJEt2JcAACl","level":"info","service":"user-service"}
{"message":"Lost Player IjpLZOkysNRVP3ZoAACn","level":"info","service":"user-service"}
{"message":"Lost Player 4hbEkufKlcwqyO_DAACp","level":"info","service":"user-service"}
{"message":"Lost Player fncVKcbTM1kmglKLAACr","level":"info","service":"user-service"}
{"message":"Lost Player isBw2BQQLukt6F_eAACt","level":"info","service":"user-service"}
{"message":"Lost Player OBSu2e-Cz9zDOXt4AACv","level":"info","service":"user-service"}
{"message":"Lost Player oqt2qjwSpWU1n9zgAACx","level":"info","service":"user-service"}
{"message":"Lost Player 9ZdEdDGxRuDh5erIAACz","level":"info","service":"user-service"}
{"message":"listening on localhost:8080","level":"info","service":"user-service"}
{"message":"listening on localhost:8080","level":"info","service":"user-service"}
{"message":"Lost Player 8aZZRFUJp53zey7BAAAB","level":"info","service":"user-service"}
{"message":"Lost Player HT0Tl0JvjQosk9Z1AAAD","level":"info","service":"user-service"}
{"message":"Lost Player mjeA27KezK7KkvPXAAAF","level":"info","service":"user-service"}
{"message":"Lost Player 1KMhYkGqfYuXANHVAAAH","level":"info","service":"user-service"}
{"message":"Lost Player 3nUhF1LaNRjl3sRjAAAJ","level":"info","service":"user-service"}
{"message":"Lost Player -B503qkFe1veG9VaAAAL","level":"info","service":"user-service"}
{"message":"Lost Player Ow8C68TcHsMivv_AAAAN","level":"info","service":"user-service"}
{"message":"Lost Player YxU4IkO4TrImfMBuAABl","level":"info","service":"user-service"}
{"message":"Lost Player PPfKgUxruu2WDAfUAABn","level":"info","service":"user-service"}
{"message":"Lost Player 2s_O0IKALIfuL0b6AABp","level":"info","service":"user-service"}
{"message":"Lost Player P17owy1hjxEoXkm3AABr","level":"info","service":"user-service"}
{"message":"listening on localhost:8080","level":"info","service":"user-service"}
{"message":"Lost Player EdBIyVSCbQEGbUWyAAAL","level":"info","service":"user-service"}
{"message":"Lost Player nP5mi3-TM0Wbg_skAAAN","level":"info","service":"user-service"}
{"message":"Lost Player X5mmEpe0PRyiDbBDAAAR","level":"info","service":"user-service"}
{"message":"Lost Player -hBw4nV5Z_nPL0-rAAAV","level":"info","service":"user-service"}
{"message":"Lost Player NRuGbjR14fHvgCQDAAAX","level":"info","service":"user-service"}
{"message":"Lost Player m8wWL2UTrduTAge1AAAZ","level":"info","service":"user-service"}
{"message":"Lost Player _Kdfm3LYlqmGJ8fkAAAb","level":"info","service":"user-service"}
{"message":"Lost Player WKZ1wCeBPOs0dDXgAAAd","level":"info","service":"user-service"}
{"message":"Lost Player W9ZxCSowIMb49ZtfAAAf","level":"info","service":"user-service"}
{"message":"Lost Player aMXbn6t74Iascv-gAAAh","level":"info","service":"user-service"}
{"message":"Lost Player c1PXH-ZxZKVvpZveAAAj","level":"info","service":"user-service"}
{"message":"Lost Player 6pPpOkA5MEEo_rj_AAAl","level":"info","service":"user-service"}
{"message":"Lost Player GVDgvvakaaoWup2jAAAn","level":"info","service":"user-service"}
{"message":"Lost Player N5gVekSFv_tbHE8qAAAp","level":"info","service":"user-service"}
{"message":"Lost Player rz2VuJVwbLfeOXFfAAAr","level":"info","service":"user-service"}
{"message":"Lost Player RKcvXYQ6RICdw_1LAAAt","level":"info","service":"user-service"}
{"message":"Lost Player k0W4T4gYwJ5VmqvTAAAv","level":"info","service":"user-service"}
{"message":"Lost Player zn62oaHXAGS_bvVZAAAx","level":"info","service":"user-service"}
{"message":"Lost Player P8R7-SIoFyHleIC8AAAz","level":"info","service":"user-service"}
{"message":"Lost Player QfU-CflE_eXWZninAAA1","level":"info","service":"user-service"}
{"message":"Lost Player a20ouhykBJpEzhuVAAA3","level":"info","service":"user-service"}
{"message":"Lost Player UWvpVNtL6eQvVPITAAA5","level":"info","service":"user-service"}
{"message":"Lost Player PabTMzKXOEVOaxE4AAA7","level":"info","service":"user-service"}
{"message":"Lost Player 4-KdbTKlMg6CTI-kAAA9","level":"info","service":"user-service"}
{"message":"Lost Player 70yyk2rpwkOTiwjIAAA_","level":"info","service":"user-service"}
{"message":"Lost Player NhFbgwY8fupadXKbAABB","level":"info","service":"user-service"}
{"message":"Lost Player T3ncteC6-PUzVlLKAABD","level":"info","service":"user-service"}
{"message":"Lost Player rSWlarMJ4KQ8qCa5AABd","level":"info","service":"user-service"}
{"message":"Lost Player eGTV9HKqFme5PFZ7AABf","level":"info","service":"user-service"}
{"message":"Lost Player 8aJae1WSXwCA4y7MAABr","level":"info","service":"user-service"}
{"message":"Lost Player DPhh32jvZH9dWd0lAABt","level":"info","service":"user-service"}
{"message":"Lost Player DbP9QiGXllDQIP57AABv","level":"info","service":"user-service"}
{"message":"Lost Player PQh8yV938u_tiCNkAABx","level":"info","service":"user-service"}
{"message":"Lost Player GKg2jJI5DUdfAStYAABz","level":"info","service":"user-service"}
{"message":"Lost Player hQeKjSDUZmABzNCCAAB1","level":"info","service":"user-service"}
{"message":"Lost Player hlSdbES4Nd2O8jEbAAB7","level":"info","service":"user-service"}
{"message":"Lost Player XdNCoLsSV_67q9XHAAB9","level":"info","service":"user-service"}
{"message":"Lost Player NiAxsl84OpjJslEeAAB_","level":"info","service":"user-service"}
{"message":"listening on localhost:8080","level":"info","service":"user-service"}
{"message":"listening on localhost:8080","level":"info","service":"user-service"}
{"message":"Lost Player vwNtsqZ96lxJ2JBiAAAb","level":"info","service":"user-service"}
{"message":"Lost Player eIeMXOD88fDgXIeLAAAd","level":"info","service":"user-service"}
{"message":"Lost Player TQc5LVOwCa97mQQWAAAf","level":"info","service":"user-service"}
{"message":"Lost Player Y8gyddd5Ut2-WUmxAAAh","level":"info","service":"user-service"}
{"message":"Lost Player pW_Bb01VbhfJM4UnAAAj","level":"info","service":"user-service"}
{"message":"Lost Player Kfbs4cowJKCpDVvAAAAl","level":"info","service":"user-service"}
{"message":"Lost Player 9O6dWtdRkNB4RAUoAABp","level":"info","service":"user-service"}
{"message":"Lost Player TSImMigv6t69XO0zAABr","level":"info","service":"user-service"}
{"message":"Lost Player JoH7EK3E92huCQfNAABt","level":"info","service":"user-service"}
{"message":"Lost Player v0p2fDOtwSCQS0BxAABv","level":"info","service":"user-service"}
{"message":"Lost Player rV2BAtyPbREcf89cAABz","level":"info","service":"user-service"}
{"message":"Lost Player pDEZ13geM7PBTzrrAAB1","level":"info","service":"user-service"}
{"message":"Lost Player d02zA0oat_xme08WAAB3","level":"info","service":"user-service"}
{"message":"Lost Player nJm6l0J4z9j20X6vAAB5","level":"info","service":"user-service"}
{"message":"Lost Player xpxqnRCLMEmN72gjAAB7","level":"info","service":"user-service"}
{"message":"Lost Player UivGm7dW14gENvvDAACD","level":"info","service":"user-service"}
{"message":"listening on localhost:8080","level":"info","service":"user-service"}
{"message":"Lost Player Td0bXLlXRNtIkkUHAAAB","level":"info","service":"user-service"}
{"message":"Lost Player lbTnAg4rfE5hQbtmAAAD","level":"info","service":"user-service"}
{"message":"Lost Player LNB7jCiX_pEy60xIAAAL","level":"info","service":"user-service"}
{"message":"Lost Player sM2nbhe_X_yvQBSbAABv","level":"info","service":"user-service"}
{"message":"Lost Player MxZO1sST5Y8xeTfSAADJ","level":"info","service":"user-service"}
{"message":"Lost Player IWB4QQnKOtNXLZl9AADL","level":"info","service":"user-service"}
{"message":"Lost Player mD9hKgWGJoPT-t-mAADN","level":"info","service":"user-service"}
{"message":"listening on localhost:8080","level":"info","service":"user-service"}
{"message":"listening on localhost:8080","level":"info","service":"user-service"}
{"message":"Lost Player SiXflHcwxF7_bX3HAAAL","level":"info","service":"user-service"}
{"message":"Lost Player EUirSOpF1RLTvAStAAAN","level":"info","service":"user-service"}
{"message":"Lost Player DZqIkgrsZgeI9Lx1AAAP","level":"info","service":"user-service"}
{"message":"Lost Player xHfzsL_0MqPJXyarAAAR","level":"info","service":"user-service"}
{"message":"Lost Player SuifXfg1YDcX2OgaAAAT","level":"info","service":"user-service"}
{"message":"Lost Player u6clUvmWU8O4Kp3cAAAV","level":"info","service":"user-service"}
{"message":"Lost Player 4cjJTdY2TwN_V28DAAAX","level":"info","service":"user-service"}
{"message":"Lost Player 5ySbeP4Zue1zL8H-AABh","level":"info","service":"user-service"}
{"message":"Lost Player tibGFd99G4gYQ2ZkAABn","level":"info","service":"user-service"}
{"message":"Lost Player c0cEWf_MTW-XSXjkAACN","level":"info","service":"user-service"}
{"message":"Lost Player M4MVmHhQ0tHkup3-AACP","level":"info","service":"user-service"}
{"message":"Lost Player up_ko4PFkTZuafS-AACR","level":"info","service":"user-service"}
{"message":"Lost Player XdXyam4Sl8clTgCDAACT","level":"info","service":"user-service"}
{"message":"Lost Player yJz-FXyB11Q3YtT1AACV","level":"info","service":"user-service"}
{"message":"Lost Player QK8sYshP8uG6h5B4AAET","level":"info","service":"user-service"}
{"message":"Lost Player Cyxo5ERIEDCQBirTAAEV","level":"info","service":"user-service"}
{"message":"listening on localhost:8080","level":"info","service":"user-service"}
{"message":"Lost Player eIO1cyt4ol4rxUddAAAD","level":"info","service":"user-service"}
{"message":"Lost Player pM_oopoqE5rfd1UHAAAF","level":"info","service":"user-service"}
{"message":"Lost Player WM39jKYElw8XSgfoAAAH","level":"info","service":"user-service"}
{"message":"Lost Player Z-Cpe2MZF3WPIRnsAAAJ","level":"info","service":"user-service"}
{"message":"Lost Player ACwT_06K06XUsQuRAAAL","level":"info","service":"user-service"}
{"message":"Lost Player P2dmRyjSSgCLBTLQAAAN","level":"info","service":"user-service"}
{"message":"Lost Player -GnO_zNfhv5HswF-AAAP","level":"info","service":"user-service"}
{"message":"Lost Player PgHvEpn6qNrXxSSvAAAR","level":"info","service":"user-service"}
{"message":"Lost Player 8SDiDoZhD5AtGeySAAAT","level":"info","service":"user-service"}
{"message":"Lost Player ucLUnLhi8rg-9HICAAAV","level":"info","service":"user-service"}
{"message":"Lost Player BGyxMT_5Up0op-lgAAAX","level":"info","service":"user-service"}
{"message":"Lost Player ZDTFlhGV7x3DVl_rAAAZ","level":"info","service":"user-service"}
{"message":"Lost Player -xkXmDx9ESxsYLYJAAAb","level":"info","service":"user-service"}
{"message":"Lost Player jm8_CmcyKWNncJLJAAAd","level":"info","service":"user-service"}
{"message":"Lost Player 4sGW_UNP7KDhA4KYAAAf","level":"info","service":"user-service"}
{"message":"Lost Player 9IMPQ-J9ppwS-iRTAAAh","level":"info","service":"user-service"}
{"message":"Lost Player mY576b7yPnfxamZ_AAAj","level":"info","service":"user-service"}
{"message":"Lost Player xtJZJ7GSE2hHARTJAAAl","level":"info","service":"user-service"}
{"message":"Lost Player MK4EYC-Vzpd2f4TSAAAn","level":"info","service":"user-service"}
{"message":"Lost Player RFdlKJHnNaXlPMVcAAAp","level":"info","service":"user-service"}
{"message":"Lost Player pKlLi-yK1rv28TxbAAAr","level":"info","service":"user-service"}
{"message":"Lost Player iZ6NU_njJNtbIxnZAAAt","level":"info","service":"user-service"}
{"message":"Lost Player c1zFGGRzBmMOoqDWAAAv","level":"info","service":"user-service"}
{"message":"Lost Player 7nDdVSG7HY-1RkrJAAAx","level":"info","service":"user-service"}
{"message":"Lost Player VY4VKQBHh2eG29bfAAAz","level":"info","service":"user-service"}
{"message":"Lost Player f8RPYR2S1CvSFwuXAAA1","level":"info","service":"user-service"}
{"message":"Lost Player VxSsnExDaneRw8ZeAAA3","level":"info","service":"user-service"}
{"message":"Lost Player Na5-MrRqWm7aajxmAAA5","level":"info","service":"user-service"}
{"message":"Lost Player i1WBXtf1wHAW4ShqAAA7","level":"info","service":"user-service"}
{"message":"Lost Player qr8OZnzc3OTzGtqQAAA9","level":"info","service":"user-service"}
{"message":"Lost Player mmC7SQnUD18Tq9fCAAA_","level":"info","service":"user-service"}
{"message":"Lost Player Lf5Y8_UmZ_RmrMKBAABB","level":"info","service":"user-service"}
{"message":"Lost Player 2Ie0S-uuawiRDCfPAABD","level":"info","service":"user-service"}
{"message":"Lost Player 0epycHUQkdE5PVw5AABF","level":"info","service":"user-service"}
{"message":"Lost Player 0dVNDnq60KreIO3zAABH","level":"info","service":"user-service"}
{"message":"Lost Player KIRnPXviPXC_pDBtAABJ","level":"info","service":"user-service"}
{"message":"Lost Player DwSECvM-3klmcWCBAABL","level":"info","service":"user-service"}
{"message":"Lost Player O7_u9K7o0tZp3BsGAABN","level":"info","service":"user-service"}
{"message":"Lost Player uX7pej-0kUz6i8ZKAABP","level":"info","service":"user-service"}
{"message":"Lost Player cTtA-A8SLmMv3CgDAABR","level":"info","service":"user-service"}
{"message":"Lost Player d-dtBdBE0hjl-2rzAABT","level":"info","service":"user-service"}
{"message":"Lost Player ZChYX8iVVZmJ34pxAABV","level":"info","service":"user-service"}
{"message":"Lost Player h3U1bIOw7wFjHSYvAABX","level":"info","service":"user-service"}
{"message":"Lost Player Oe65wSEuwtevqEUNAABZ","level":"info","service":"user-service"}
{"message":"Lost Player 1bqYFdMaLR9FxNSnAABb","level":"info","service":"user-service"}
{"message":"Lost Player oFfolvg5EQgzB9svAABd","level":"info","service":"user-service"}
{"message":"Lost Player VemI6HD1jmPdb71-AABf","level":"info","service":"user-service"}
{"message":"Lost Player mhVciQ_OE7PSk4T7AABh","level":"info","service":"user-service"}
{"message":"Lost Player 56YlMyXfj9w23pcOAABj","level":"info","service":"user-service"}
{"message":"Lost Player kP2fx1QkYal8cpvEAABl","level":"info","service":"user-service"}
{"message":"Lost Player qS9Hn3aakuO2XppaAABn","level":"info","service":"user-service"}
{"message":"Lost Player VI1zDz_8x_o-CeekAABp","level":"info","service":"user-service"}
{"message":"Lost Player 1Yk9OhaQ1_ndTJTuAABr","level":"info","service":"user-service"}
{"message":"Lost Player zTeM9vK0LUshHYCdAABt","level":"info","service":"user-service"}
{"message":"Lost Player InSsptsrqM63cpKUAABv","level":"info","service":"user-service"}
{"message":"Lost Player J4v-ggBrUyQH2EdkAABx","level":"info","service":"user-service"}
{"message":"Lost Player a0WrWmAe-HuiYNrNAABz","level":"info","service":"user-service"}
{"message":"Lost Player kmzbgvY6dbkb-67fAAB1","level":"info","service":"user-service"}
{"message":"Lost Player SOM-x3MblN7ee7ZwAAB3","level":"info","service":"user-service"}
{"message":"Lost Player YGRiS3Onzy9ANb-LAAB5","level":"info","service":"user-service"}
{"message":"Lost Player qZokhYUUUn-v56sKAAB7","level":"info","service":"user-service"}
{"message":"Lost Player ky5RgqMmFYHAAqHaAAB9","level":"info","service":"user-service"}
{"message":"Lost Player 0qoLushDqcM7wWmjAAB_","level":"info","service":"user-service"}
{"message":"Lost Player I8FQrTEbNu0-zB-qAACB","level":"info","service":"user-service"}
{"message":"Lost Player 5r4clnXKIqDhDlSIAACD","level":"info","service":"user-service"}
{"message":"Lost Player tTEhbG6ZG_eMuE2dAACF","level":"info","service":"user-service"}
{"message":"Lost Player LWhpnAGk9hKwy2JoAACH","level":"info","service":"user-service"}
{"message":"Lost Player 9mCqxmzZ5w_A0CpnAACJ","level":"info","service":"user-service"}
{"message":"Lost Player q-kgqhRjGbVBPc-hAACL","level":"info","service":"user-service"}
{"message":"Lost Player Udun7dIFu9lTYZ3EAACN","level":"info","service":"user-service"}
{"message":"Lost Player X4_XikDf2ZcG4k4aAACP","level":"info","service":"user-service"}
{"message":"Lost Player zDo8I4v8Zt2akRHPAACR","level":"info","service":"user-service"}
{"message":"Lost Player nGETN2rLU7P97HuFAACT","level":"info","service":"user-service"}
{"message":"Lost Player aavMb88vrfTUtzTxAACV","level":"info","service":"user-service"}
{"message":"Lost Player HjnQG7HT-EpqWNKVAACX","level":"info","service":"user-service"}
{"message":"Lost Player En7kX4Fvy0V_38WUAACZ","level":"info","service":"user-service"}
{"message":"Lost Player FZk7hhPOB2r8rqXkAACb","level":"info","service":"user-service"}
{"message":"Lost Player NPQaOEMFs0FOpNnVAACd","level":"info","service":"user-service"}
{"message":"Lost Player IkJALg2vPECVofxwAACf","level":"info","service":"user-service"}
{"message":"Lost Player o_olgMVjU8SJlS8wAACh","level":"info","service":"user-service"}
{"message":"Lost Player hNEZTCpRk8XoCcCAAACj","level":"info","service":"user-service"}
{"message":"Lost Player EDNFXuBpGlHKu468AACl","level":"info","service":"user-service"}
{"message":"Lost Player hfHGCfd2Og7IdOQ5AACn","level":"info","service":"user-service"}
{"message":"Lost Player x1fZVIeLSkbqKLGHAACp","level":"info","service":"user-service"}
{"message":"Lost Player I9PL9tAZaD3beE5nAACr","level":"info","service":"user-service"}
{"message":"Lost Player 8_sTWaPyNNhGV7TZAACt","level":"info","service":"user-service"}
{"message":"Lost Player 5ghublJUb2CSZHuHAACv","level":"info","service":"user-service"}
{"message":"Lost Player zwy-H-rpqZiVVykpAACx","level":"info","service":"user-service"}
{"message":"Lost Player 6-dQ-Dx8E3u828icAACz","level":"info","service":"user-service"}
{"message":"Lost Player jCSPEUubv92GK-yuAAC1","level":"info","service":"user-service"}
{"message":"Lost Player AbLEQONoJmREKfuqAAC3","level":"info","service":"user-service"}
{"message":"Lost Player m6kTU68tG_7qeNCJAAC5","level":"info","service":"user-service"}
{"message":"Lost Player pghxQm587jDzhLniAAC7","level":"info","service":"user-service"}
{"message":"Lost Player fZCweBXFZuCcDv98AAC9","level":"info","service":"user-service"}
{"message":"Lost Player QIIC7w-Tpwv7jyglAAC_","level":"info","service":"user-service"}
{"message":"Lost Player hmhJS7x4PuRXvobFAADB","level":"info","service":"user-service"}
{"message":"Lost Player ZLpCwhWDYy2zQzNlAADD","level":"info","service":"user-service"}
{"message":"Lost Player _I52YS9X86HMTOm3AADF","level":"info","service":"user-service"}
{"message":"Lost Player WjSyDMdpJz_cWce-AADH","level":"info","service":"user-service"}
{"message":"Lost Player LIqAJptaGBmzlzX4AADJ","level":"info","service":"user-service"}
{"message":"Lost Player iXUfJcljWtvFW9jSAADL","level":"info","service":"user-service"}
{"message":"Lost Player 9Ne9wEEpnqlZ3nVnAADN","level":"info","service":"user-service"}
{"message":"Lost Player vOg5HBPOMOgeF2CwAADP","level":"info","service":"user-service"}
{"message":"Lost Player VH9U9Aa1H21nhSH7AADR","level":"info","service":"user-service"}
{"message":"Lost Player OCWL_K2BcYG4o_XmAADT","level":"info","service":"user-service"}
{"message":"Lost Player R5LWYl8m1pVvsn1rAADV","level":"info","service":"user-service"}
{"message":"Lost Player uufMUOAJtfG6R3p6AADX","level":"info","service":"user-service"}
{"message":"Lost Player kuXNFF3l09tfqfvaAADZ","level":"info","service":"user-service"}
{"message":"Lost Player togLBp2esU2yq3BXAADb","level":"info","service":"user-service"}
{"message":"Lost Player MKFC_hrC9jMBasDYAADd","level":"info","service":"user-service"}
{"message":"Lost Player icIeZgVHerJYUdrjAADf","level":"info","service":"user-service"}
{"message":"Lost Player BeMLTbkvdrSPRxdyAADh","level":"info","service":"user-service"}
{"message":"Lost Player bbCsim-UN7gUubwjAADj","level":"info","service":"user-service"}
{"message":"Lost Player mov-4gz5O-LdqHsvAADl","level":"info","service":"user-service"}
{"message":"Lost Player t5vqqTvGrWNi7gbTAADn","level":"info","service":"user-service"}
{"message":"Lost Player wNPdygt4dA3Vyu0DAADp","level":"info","service":"user-service"}
{"message":"Lost Player bIev0o2v_tbyjqerAADr","level":"info","service":"user-service"}
{"message":"Lost Player P_JSk0Yld_Z3TIESAADt","level":"info","service":"user-service"}
{"message":"Lost Player rJ8jeuLH8GID-uPcAADv","level":"info","service":"user-service"}
{"message":"Lost Player 32VpMqDGE9mOP0ouAADx","level":"info","service":"user-service"}
{"message":"Lost Player _KHIy6PjgjIqabMXAADz","level":"info","service":"user-service"}
{"message":"Lost Player fx0UDXxOM5TR9fJkAAD1","level":"info","service":"user-service"}
{"message":"Lost Player 17HsMhjyP_WS50DBAAD3","level":"info","service":"user-service"}
{"message":"Lost Player 9_K3X-TskqhYVw2kAAD5","level":"info","service":"user-service"}
{"message":"Lost Player fCL0N3mCMv9ePAdIAAD7","level":"info","service":"user-service"}
{"message":"Lost Player mqksIHDuN-hfs_4jAAD9","level":"info","service":"user-service"}
{"message":"Lost Player iDdAYG8o6w2vay_eAAD_","level":"info","service":"user-service"}
{"message":"Lost Player aSDjLyUWLUf-Ce8TAAEB","level":"info","service":"user-service"}
{"message":"Lost Player FRTPXgfRyG30tTDKAAED","level":"info","service":"user-service"}
{"message":"Lost Player s11bs_aOEl2SdtrgAAEF","level":"info","service":"user-service"}
{"message":"Lost Player Wa-PF_DXoi1ZBoOBAAEH","level":"info","service":"user-service"}
{"message":"Lost Player xQ0T-0cHU1ipvLGLAAEJ","level":"info","service":"user-service"}
{"message":"Lost Player FZJQ6GQpkob-aQElAAEL","level":"info","service":"user-service"}
{"message":"Lost Player KG2WNFvV76h7QcapAAEN","level":"info","service":"user-service"}
{"message":"Lost Player R6tioHtMoo-2vjb_AAEP","level":"info","service":"user-service"}
{"message":"Lost Player HJFnVGCqH_VHCRATAAER","level":"info","service":"user-service"}
{"message":"Lost Player -XsPSsS770ZSw0AwAAET","level":"info","service":"user-service"}
{"message":"Lost Player UHC_83oigfNVr9-uAAEV","level":"info","service":"user-service"}
{"message":"Lost Player 1IjhclUlMo2vLmfVAAEX","level":"info","service":"user-service"}
{"message":"Lost Player 8sF0OODrTk_x8SBAAAEZ","level":"info","service":"user-service"}
{"message":"Lost Player Fc281z06Zxt57-4MAAEb","level":"info","service":"user-service"}
{"message":"Lost Player VMMBo22nCvA7pPvlAAEf","level":"info","service":"user-service"}
{"message":"Lost Player XtMfI0I3DwzjLuLKAAEh","level":"info","service":"user-service"}
{"message":"Lost Player 6z3AIMA0i6ZRsS3GAAEj","level":"info","service":"user-service"}
{"message":"Lost Player zpq3P85_ZHzBf6WoAAEl","level":"info","service":"user-service"}
{"message":"Lost Player lwIhNUCcTB0Rln2RAAEn","level":"info","service":"user-service"}
{"message":"Lost Player Dnpvz9FnCErS-EBNAAEp","level":"info","service":"user-service"}
{"message":"Lost Player faEfpXHzdsUGIJNSAAEr","level":"info","service":"user-service"}
{"message":"Lost Player F1jp-L0MORB8eYueAAEt","level":"info","service":"user-service"}
{"message":"Lost Player KDgzPywli7o5hMkuAAEv","level":"info","service":"user-service"}
{"message":"Lost Player dq2BBMqzjFoym2jDAAEx","level":"info","service":"user-service"}
{"message":"Lost Player 7m1Gg07XDpeVJPVnAAEz","level":"info","service":"user-service"}
{"message":"Lost Player CsaXBFihiGVhBFCOAAE1","level":"info","service":"user-service"}
{"message":"Lost Player k69LKT1j9kuOqsfJAAE3","level":"info","service":"user-service"}
{"message":"Lost Player ZRYo5BIGOpVFfFttAAE5","level":"info","service":"user-service"}
{"message":"Lost Player yre2xvceg_nwcNBiAAE7","level":"info","service":"user-service"}
{"message":"Lost Player -TPXVPPtFfXkMvtKAAE9","level":"info","service":"user-service"}
{"message":"Lost Player T5W0o7dok3nFLzFUAAE_","level":"info","service":"user-service"}
{"message":"Lost Player PErzh8RwYdiC6SaDAAFB","level":"info","service":"user-service"}
{"message":"Lost Player CnYWdleDYPb1DBduAAFD","level":"info","service":"user-service"}
{"message":"Lost Player ebsPea0gJeR4yGawAAFF","level":"info","service":"user-service"}
{"message":"Lost Player Uz7KmEielpORL5-uAAFH","level":"info","service":"user-service"}
{"message":"Lost Player rnTlbpzJ0UFYQ7oqAAFJ","level":"info","service":"user-service"}
{"message":"Lost Player BmQuVuL3RoD2IJJCAAFN","level":"info","service":"user-service"}
{"message":"Lost Player mY16PZJB5s7F66ciAAFP","level":"info","service":"user-service"}
{"message":"Lost Player 8kxEnmQ0_dWQZuuDAAFR","level":"info","service":"user-service"}
{"message":"Lost Player 7JBogDii-Pe_r7RRAAFT","level":"info","service":"user-service"}
{"message":"Lost Player keK4wODswEbylFAPAAFX","level":"info","service":"user-service"}
{"message":"Lost Player XGEYhVGCsWldLx_EAAFZ","level":"info","service":"user-service"}
{"message":"Lost Player QTOcZY3UaiHzDtqbAAFb","level":"info","service":"user-service"}
{"message":"Lost Player cO9taNU7HHAxcTvVAAFd","level":"info","service":"user-service"}
{"message":"Lost Player sBlMPdlChSVWvhzPAAFf","level":"info","service":"user-service"}
{"message":"Lost Player mZQc_aTNVWlCvEwPAAFh","level":"info","service":"user-service"}
{"message":"Lost Player 4CkVY4_l_SfU559aAAFj","level":"info","service":"user-service"}
{"message":"Lost Player m9irOmAXhbc0KYGCAAFl","level":"info","service":"user-service"}
{"message":"Lost Player R_x_GAduOSVlriZEAAFn","level":"info","service":"user-service"}
{"message":"Lost Player rGPLZHMuhGdmqhUaAAFp","level":"info","service":"user-service"}
{"message":"Lost Player 7LJcCEwkM39ZYMusAAFr","level":"info","service":"user-service"}
{"message":"Lost Player StLdhot9LBAugiF3AAFt","level":"info","service":"user-service"}
{"message":"Lost Player hMkLC_3J_FBa_2tTAAFv","level":"info","service":"user-service"}
{"message":"Lost Player 0DHXPmcJbZO0-yGHAAFx","level":"info","service":"user-service"}
{"message":"Lost Player gRmnrbBkUr2h63OFAAFz","level":"info","service":"user-service"}
{"message":"Lost Player yA3-glw7x4hwxDahAAF1","level":"info","service":"user-service"}
{"message":"Lost Player Kz9AOcbDbKHpwWIcAAF3","level":"info","service":"user-service"}
{"message":"Lost Player 8t6l5tM6wBJkai09AAF5","level":"info","service":"user-service"}
{"message":"Lost Player _HV_2UimXJDzPk-lAAF7","level":"info","service":"user-service"}
{"message":"Lost Player 0Zi1quBHAof_JeswAAF9","level":"info","service":"user-service"}
{"message":"Lost Player rVEpURRlmnJAcEfYAAF_","level":"info","service":"user-service"}
{"message":"Lost Player U0bcu5hDKCfD2IWnAAGB","level":"info","service":"user-service"}
{"message":"Lost Player A-RXPg4dzS9_3yFwAAGD","level":"info","service":"user-service"}
{"message":"Lost Player E18rA_hIEowxi-f9AAGF","level":"info","service":"user-service"}
{"message":"Lost Player n19xeDM77LeT_LcJAAGH","level":"info","service":"user-service"}
{"message":"Lost Player KM50v-gzukyTNRBvAAGJ","level":"info","service":"user-service"}
{"message":"Lost Player FhJPxW-ANrxLtxxYAAGL","level":"info","service":"user-service"}
{"message":"Lost Player QOz3WsCuh-PnEZ4zAAGN","level":"info","service":"user-service"}
{"message":"Lost Player Y77YdJQ1CP8MvoBfAAGP","level":"info","service":"user-service"}
{"message":"Lost Player 15hf3puJTiQVcNWjAAGR","level":"info","service":"user-service"}
{"message":"Lost Player cOi7F3gRQ-A4mt2oAAGT","level":"info","service":"user-service"}
{"message":"Lost Player 6Vf2kIt4scPsWtCjAAGV","level":"info","service":"user-service"}
{"message":"Lost Player Ox_lkETMOBJ3ZanGAAGX","level":"info","service":"user-service"}
{"message":"Lost Player buLrxKY_b6kVzsIqAAGZ","level":"info","service":"user-service"}
{"message":"Lost Player nptOgOHfYVhS9cdkAAGb","level":"info","service":"user-service"}
{"message":"Lost Player SdCF6O_jhyJM5rhPAAGd","level":"info","service":"user-service"}
{"message":"Lost Player mkna5GhrRSOVgsv6AAGf","level":"info","service":"user-service"}
{"message":"Lost Player eCiY0vxxzkAzNmHiAAGh","level":"info","service":"user-service"}
{"message":"Lost Player vzopV5SbhGk1u3FSAAGj","level":"info","service":"user-service"}
{"message":"Lost Player Jc8KUsAicW4aWJROAAGl","level":"info","service":"user-service"}
{"message":"Lost Player WGmQump8mPDTJiw8AAGn","level":"info","service":"user-service"}
{"message":"Lost Player ktH9G-EVbny3uIgvAAGp","level":"info","service":"user-service"}
{"message":"Lost Player 1fz-3NJIbY_9G3KeAAGr","level":"info","service":"user-service"}
{"message":"Lost Player bUwVHiCY69Dw68OiAAGt","level":"info","service":"user-service"}
{"message":"Lost Player rFJ4_WwgHCh97L41AAGv","level":"info","service":"user-service"}
{"message":"Lost Player 9BJOsswOi2FFHr_7AAGx","level":"info","service":"user-service"}
{"message":"Lost Player 741twP4CaB0nP3BiAAGz","level":"info","service":"user-service"}
{"message":"Lost Player bw0t9uJIxYaVyWfhAAG1","level":"info","service":"user-service"}
{"message":"Lost Player 1hxbA6SWfIzkZjL2AAG3","level":"info","service":"user-service"}
{"message":"Lost Player SjLN_2z3mqbPZeJ1AAG5","level":"info","service":"user-service"}
{"message":"Lost Player hpiUKbbydDylebfUAAG7","level":"info","service":"user-service"}
{"message":"Lost Player csbwnD1vZerN9__xAAG9","level":"info","service":"user-service"}
{"message":"Lost Player A5rRcxN8smlAczoHAAG_","level":"info","service":"user-service"}
{"message":"Lost Player fPLHTmOn8oHbjWCmAAHB","level":"info","service":"user-service"}
{"message":"Lost Player nLVSed81FHZZQKP2AAHD","level":"info","service":"user-service"}
{"message":"Lost Player YTU_94pfTKVkn4OGAAHF","level":"info","service":"user-service"}
{"message":"Lost Player w0MZBZvRlH-jrwRkAAHH","level":"info","service":"user-service"}
{"message":"Lost Player kZutNE8kjX7ErD2LAAHJ","level":"info","service":"user-service"}
{"message":"Lost Player m2Y6bc5Um8AAx06yAAHL","level":"info","service":"user-service"}
{"message":"Lost Player fOKNDayqTzmTTZzcAAHN","level":"info","service":"user-service"}
{"message":"Lost Player qyOrTclLVQkOwRhXAAHP","level":"info","service":"user-service"}
{"message":"Lost Player -NKq1qs9KAChb5t2AAHR","level":"info","service":"user-service"}
{"message":"Lost Player KNahxA8s3V8VKfebAAHT","level":"info","service":"user-service"}
{"message":"Lost Player jIrvXHE1PnxpkVO4AAHV","level":"info","service":"user-service"}
{"message":"Lost Player 2QcVUiC4UfraJ_ZXAAHX","level":"info","service":"user-service"}
{"message":"Lost Player 4Wy1p7JrpdQ3RZC1AAHZ","level":"info","service":"user-service"}
{"message":"Lost Player FUdpr8ty-OZwLW3xAAHb","level":"info","service":"user-service"}
{"message":"Lost Player QSwPgPuKECPt_PqDAAHd","level":"info","service":"user-service"}
{"message":"Lost Player R8Pl8VSCkByptwR6AAHf","level":"info","service":"user-service"}
{"message":"Lost Player T86E2OQQy8PWxgyeAAHh","level":"info","service":"user-service"}
{"message":"Lost Player q_61TmFyQmDklO0XAAHj","level":"info","service":"user-service"}
{"message":"Lost Player ZBWeE92c--7s3fqXAAHl","level":"info","service":"user-service"}
{"message":"Lost Player cJf-VOaMw-ReLieFAAHn","level":"info","service":"user-service"}
{"message":"Lost Player kOfIjxpiO6nj9BlcAAHp","level":"info","service":"user-service"}
{"message":"Lost Player TOa_xUGAu4ckyeisAAHr","level":"info","service":"user-service"}
{"message":"Lost Player c-z1kekFa9tisGt0AAHt","level":"info","service":"user-service"}
{"message":"Lost Player hUJs3Py2UdzYUtB5AAHv","level":"info","service":"user-service"}
{"message":"Lost Player Gd45o0YEJCaWopxLAAHx","level":"info","service":"user-service"}
{"message":"Lost Player WOWCKkNW8sQ-nIj0AAHz","level":"info","service":"user-service"}
{"message":"Lost Player sllzYIIjD1yGOJNMAAH1","level":"info","service":"user-service"}
{"message":"Lost Player 9-sL2e2xd5-8kBNeAAH3","level":"info","service":"user-service"}
{"message":"Lost Player SjTIa-kcdojsWE8TAAH5","level":"info","service":"user-service"}
{"message":"Lost Player VOwT5n2e5pd-PtdKAAH7","level":"info","service":"user-service"}
{"message":"Lost Player rFdv2_DeL0JRyW9eAAH9","level":"info","service":"user-service"}
{"message":"Lost Player 1RXeT3kc1kW5204YAAH_","level":"info","service":"user-service"}
{"message":"Lost Player eoupVBD6sB6Wdr97AAIB","level":"info","service":"user-service"}
{"message":"Lost Player IU473RH8gpOWXCDaAAID","level":"info","service":"user-service"}
{"message":"Lost Player vxGI4UQ9wjl_FhcvAAIF","level":"info","service":"user-service"}
{"message":"Lost Player cfJHLv8c2z33QVkSAAIH","level":"info","service":"user-service"}
{"message":"Lost Player 98Pm106Dr0l3NPtmAAIJ","level":"info","service":"user-service"}
{"message":"Lost Player PqgJr_gm9_xvLiqSAAIL","level":"info","service":"user-service"}
{"message":"Lost Player y8wvoUhbT78GOiQeAAIN","level":"info","service":"user-service"}
{"message":"Lost Player 52YGt_ZlQmiAPeRjAAIP","level":"info","service":"user-service"}
{"message":"Lost Player SNE6bmxt8XRZ6gMGAAIR","level":"info","service":"user-service"}
{"message":"Lost Player peMZ_1Y2neKrh_EuAAIT","level":"info","service":"user-service"}
